[05:38:05] [ServerMain/INFO]: Building unoptimized datafixer
[05:38:10] [ServerMain/INFO]: Environment: authHost='https://authserver.mojang.com', accountsHost='https://api.mojang.com', sessionHost='https://sessionserver.mojang.com', servicesHost='https://api.minecraftservices.com', name='PROD'
[05:38:22] [ServerMain/INFO]: Loaded 7 recipes
[05:38:23] [ServerMain/INFO]: Loaded 1179 advancements
[05:38:27] [ServerMain/ERROR]: No key layers in MapLike[{}]
[05:38:27] [Server thread/INFO]: Starting minecraft server version 1.19.2
[05:38:27] [Server thread/INFO]: Loading properties
[05:38:27] [Server thread/INFO]: Default game type: CREATIVE
[05:38:27] [Server thread/INFO]: Generating keypair
[05:38:27] [Server thread/INFO]: Starting Minecraft server on *:25565
[05:38:27] [Server thread/INFO]: Using default channel type
[05:38:28] [Server thread/INFO]: Preparing level "world"
[05:38:28] [Server thread/INFO]: Preparing start region for dimension minecraft:overworld
[05:38:31] [Worker-Main-13/INFO]: Preparing spawn area: 0%
[05:38:32] [Worker-Main-13/INFO]: Preparing spawn area: 0%
[05:38:32] [Worker-Main-2/INFO]: Preparing spawn area: 0%
[05:38:32] [Worker-Main-13/INFO]: Preparing spawn area: 0%
[05:38:32] [Worker-Main-13/INFO]: Preparing spawn area: 0%
[05:38:32] [Worker-Main-2/INFO]: Preparing spawn area: 0%
[05:38:32] [Worker-Main-13/INFO]: Preparing spawn area: 0%
[05:38:32] [Worker-Main-2/INFO]: Preparing spawn area: 0%
[05:38:32] [Worker-Main-13/INFO]: Preparing spawn area: 0%
[05:38:33] [Worker-Main-12/INFO]: Preparing spawn area: 19%
[05:38:33] [Worker-Main-8/INFO]: Preparing spawn area: 67%
[05:38:34] [Server thread/INFO]: Time elapsed: 5364 ms
[05:38:34] [Server thread/INFO]: Done (5.536s)! For help, type "help"
[05:41:23] [User Authenticator #1/INFO]: UUID of player NATUMI8609 is 7c3a7f65-b89a-417a-b8c3-3aafc3bf0e99
[05:41:24] [Server thread/INFO]: NATUMI8609[/[0:0:0:0:0:0:0:1]:54986] logged in with entity id 42 at (7.937621016204068, -60.0, 25.570720998350783)
[05:41:24] [Server thread/INFO]: NATUMI8609 joined the game
[05:45:22] [Server thread/INFO]: NATUMI8609 lost connection: Disconnected
[05:45:22] [Server thread/INFO]: NATUMI8609 left the game
[05:45:29] [Server thread/INFO]: Stopping the server
[05:45:29] [Server thread/INFO]: Stopping server
[05:45:29] [Server thread/INFO]: Saving players
[05:45:29] [Server thread/INFO]: Saving worlds
[05:45:29] [Server thread/INFO]: Saving chunks for level 'ServerLevel[world]'/minecraft:overworld
[05:45:29] [Server thread/INFO]: Saving chunks for level 'ServerLevel[world]'/minecraft:the_end
[05:45:29] [Server thread/INFO]: Saving chunks for level 'ServerLevel[world]'/minecraft:the_nether
[05:45:29] [Server thread/INFO]: ThreadedAnvilChunkStorage (world): All chunks are saved
[05:45:29] [Server thread/INFO]: ThreadedAnvilChunkStorage (DIM1): All chunks are saved
[05:45:29] [Server thread/INFO]: ThreadedAnvilChunkStorage (DIM-1): All chunks are saved
[05:45:29] [Server thread/INFO]: ThreadedAnvilChunkStorage: All dimensions are saved
